0 info it worked if it ends with ok
1 verbose cli [ 'D:\\software\\nodejs\\node.exe',
1 verbose cli   'D:\\software\\nodejs\\node_modules\\npm\\bin\\npm-cli.js',
1 verbose cli   'run',
1 verbose cli   'start' ]
2 info using npm@3.10.10
3 info using node@v6.10.1
4 verbose run-script [ 'prestart', 'start', 'poststart' ]
5 info lifecycle logger@1.0.0~prestart: logger@1.0.0
6 silly lifecycle logger@1.0.0~prestart: no script for prestart, continuing
7 info lifecycle logger@1.0.0~start: logger@1.0.0
8 verbose lifecycle logger@1.0.0~start: unsafe-perm in lifecycle true
9 verbose lifecycle logger@1.0.0~start: PATH: D:\software\nodejs\node_modules\npm\bin\node-gyp-bin;E:\Project\GithubProject\daily-practice\2017_BACK_UP_PROJECT\Logger\node_modules\.bin;C:\Ruby24-x64\bin;C:\ProgramData\Oracle\Java\javapath;C:\Windows\system32;C:\Windows;C:\Windows\System32\Wbem;C:\Windows\System32\WindowsPowerShell\v1.0\;C:\Program Files\TortoiseSVN\bin;D:\software\Git\Git\cmd;C:\Program Files\Java\jdk1.8.0_111\bin;D:\tomcat\apache-tomcat-9.0.0.M13\bin;C:\Program Files\Java\jdk1.8.0_111\bin;C:\Program Files\Java\jre1.8.0_111\bin;D:\software\nodejs\;D:\Install\apache-maven-3.2.5/bin;%USERPROFILE%\.dnx\bin;C:\Program Files\Microsoft DNX\Dnvm\;C:\Program Files (x86)\Windows Kits\8.1\Windows Performance Toolkit\;C:\Program Files\Microsoft SQL Server\130\Tools\Binn\;C:\Users\biyuqi\AppData\Local\Programs\Python\Python36\Scripts\;C:\Users\biyuqi\AppData\Local\Programs\Python\Python36\;C:\Users\biyuqi\AppData\Local\Programs\Python\Python35\Scripts\;C:\Users\biyuqi\AppData\Local\Programs\Python\Python35\;C:\Users\biyuqi\AppData\Local\atom\bin;C:\Users\biyuqi\AppData\Local\Android\Sdk\tools;C:\Users\biyuqi\AppData\Local\Android\Sdk\platform-tools;C:\Users\biyuqi\AppData\Roaming\npm;C:\Users\biyuqi\AppData\Local\Programs\Fiddler;D:\Microsoft VS Code\bin
10 verbose lifecycle logger@1.0.0~start: CWD: E:\Project\GithubProject\daily-practice\2017_BACK_UP_PROJECT\Logger
11 silly lifecycle logger@1.0.0~start: Args: [ '/d /s /c',
11 silly lifecycle   'webpack-dev-server --config ./webpack.dev.config.js --open --hot' ]
12 silly lifecycle logger@1.0.0~start: Returned: code: 3221225786  signal: null
13 info lifecycle logger@1.0.0~start: Failed to exec start script
14 verbose stack Error: logger@1.0.0 start: `webpack-dev-server --config ./webpack.dev.config.js --open --hot`
14 verbose stack Exit status 3221225786
14 verbose stack     at EventEmitter.<anonymous> (D:\software\nodejs\node_modules\npm\lib\utils\lifecycle.js:255:16)
14 verbose stack     at emitTwo (events.js:106:13)
14 verbose stack     at EventEmitter.emit (events.js:191:7)
14 verbose stack     at ChildProcess.<anonymous> (D:\software\nodejs\node_modules\npm\lib\utils\spawn.js:40:14)
14 verbose stack     at emitTwo (events.js:106:13)
14 verbose stack     at ChildProcess.emit (events.js:191:7)
14 verbose stack     at maybeClose (internal/child_process.js:886:16)
14 verbose stack     at Process.ChildProcess._handle.onexit (internal/child_process.js:226:5)
15 verbose pkgid logger@1.0.0
16 verbose cwd E:\Project\GithubProject\daily-practice\2017_BACK_UP_PROJECT\Logger
17 error Windows_NT 6.1.7601
18 error argv "D:\\software\\nodejs\\node.exe" "D:\\software\\nodejs\\node_modules\\npm\\bin\\npm-cli.js" "run" "start"
19 error node v6.10.1
20 error npm  v3.10.10
21 error code ELIFECYCLE
22 error logger@1.0.0 start: `webpack-dev-server --config ./webpack.dev.config.js --open --hot`
22 error Exit status 3221225786
23 error Failed at the logger@1.0.0 start script 'webpack-dev-server --config ./webpack.dev.config.js --open --hot'.
23 error Make sure you have the latest version of node.js and npm installed.
23 error If you do, this is most likely a problem with the logger package,
23 error not with npm itself.
23 error Tell the author that this fails on your system:
23 error     webpack-dev-server --config ./webpack.dev.config.js --open --hot
23 error You can get information on how to open an issue for this project with:
23 error     npm bugs logger
23 error Or if that isn't available, you can get their info via:
23 error     npm owner ls logger
23 error There is likely additional logging output above.
24 verbose exit [ 1, true ]
